# JRE version: OpenJDK Runtime Environment (21.0.3) (build 21.0.3+-79915915-b509.11)
# Java VM: OpenJDK 64-Bit Server VM (21.0.3+-79915915-b509.11, mixed mode, tiered, compressed oops, compressed class ptrs, g1 gc, bsd-amd64)
GC Precious Log:
 CardTable entry size: 512
 Card Set container configuration: InlinePtr #cards 5 size 8 Array Of Cards #cards 12 size 40 Howl #buckets 4 coarsen threshold 1843 Howl Bitmap #cards 512 size 80 coarsen threshold 460 Card regions per heap region 1 cards per card region 2048
 CPUs: 16 total, 16 available
 Memory: 32768M
 Large Page Support: Disabled
 NUMA Support: Disabled
 Compressed Oops: Enabled (Zero based)
 Heap Region Size: 1M
 Heap Min Capacity: 8M
 Heap Initial Capacity: 512M
 Heap Max Capacity: 2G
 Pre-touch: Disabled
 Parallel Workers: 13
 Concurrent Workers: 3
 Concurrent Refinement Workers: 13
 Periodic GC: Disabled
Heap:
 garbage-first heap   total 353280K, used 234432K [0x0000000780000000, 0x0000000800000000)
  region size 1024K, 52 young (53248K), 4 survivors (4096K)
 Metaspace       used 135504K, committed 137792K, reserved 1179648K
  class space    used 18454K, committed 19584K, reserved 1048576K
GC Heap History (20 events):
Event: 9.196 GC heap before
{Heap before GC invocations=27 (full 0):
 garbage-first heap   total 280576K, used 193590K [0x0000000780000000, 0x0000000800000000)
  region size 1024K, 57 young (58368K), 13 survivors (13312K)
 Metaspace       used 116964K, committed 119104K, reserved 1179648K
  class space    used 16199K, committed 17216K, reserved 1048576K
}
Event: 9.200 GC heap after
{Heap after GC invocations=28 (full 0):
 garbage-first heap   total 280576K, used 151763K [0x0000000780000000, 0x0000000800000000)
  region size 1024K, 6 young (6144K), 6 survivors (6144K)
 Metaspace       used 116964K, committed 119104K, reserved 1179648K
  class space    used 16199K, committed 17216K, reserved 1048576K
}
Event: 9.634 GC heap before
{Heap before GC invocations=29 (full 0):
 garbage-first heap   total 280576K, used 259283K [0x0000000780000000, 0x0000000800000000)
  region size 1024K, 109 young (111616K), 6 survivors (6144K)
 Metaspace       used 117192K, committed 119360K, reserved 1179648K
  class space    used 16211K, committed 17280K, reserved 1048576K
}
Event: 9.638 GC heap after
{Heap after GC invocations=30 (full 0):
 garbage-first heap   total 280576K, used 156895K [0x0000000780000000, 0x0000000800000000)
  region size 1024K, 9 young (9216K), 9 survivors (9216K)
 Metaspace       used 117192K, committed 119360K, reserved 1179648K
  class space    used 16211K, committed 17280K, reserved 1048576K
}
Event: 9.897 GC heap before
{Heap before GC invocations=30 (full 0):
 garbage-first heap   total 280576K, used 255199K [0x0000000780000000, 0x0000000800000000)
  region size 1024K, 105 young (107520K), 9 survivors (9216K)
 Metaspace       used 117192K, committed 119360K, reserved 1179648K
  class space    used 16211K, committed 17280K, reserved 1048576K
}
Event: 9.902 GC heap after
{Heap after GC invocations=31 (full 0):
 garbage-first heap   total 280576K, used 156946K [0x0000000780000000, 0x0000000800000000)
  region size 1024K, 6 young (6144K), 6 survivors (6144K)
 Metaspace       used 117192K, committed 119360K, reserved 1179648K
  class space    used 16211K, committed 17280K, reserved 1048576K
}
Event: 10.178 GC heap before
{Heap before GC invocations=31 (full 0):
 garbage-first heap   total 280576K, used 235794K [0x0000000780000000, 0x0000000800000000)
  region size 1024K, 84 young (86016K), 6 survivors (6144K)
 Metaspace       used 119289K, committed 121472K, reserved 1179648K
  class space    used 16438K, committed 17536K, reserved 1048576K
}
Event: 10.180 GC heap after
{Heap after GC invocations=32 (full 0):
 garbage-first heap   total 280576K, used 152150K [0x0000000780000000, 0x0000000800000000)
  region size 1024K, 3 young (3072K), 3 survivors (3072K)
 Metaspace       used 119289K, committed 121472K, reserved 1179648K
  class space    used 16438K, committed 17536K, reserved 1048576K
}
Event: 10.862 GC heap before
{Heap before GC invocations=33 (full 0):
 garbage-first heap   total 280576K, used 265814K [0x0000000780000000, 0x0000000800000000)
  region size 1024K, 110 young (112640K), 3 survivors (3072K)
 Metaspace       used 121351K, committed 123520K, reserved 1179648K
  class space    used 16568K, committed 17664K, reserved 1048576K
}
Event: 10.868 GC heap after
{Heap after GC invocations=34 (full 0):
 garbage-first heap   total 280576K, used 158286K [0x0000000780000000, 0x0000000800000000)
  region size 1024K, 9 young (9216K), 9 survivors (9216K)
 Metaspace       used 121351K, committed 123520K, reserved 1179648K
  class space    used 16568K, committed 17664K, reserved 1048576K
}
Event: 12.018 GC heap before
{Heap before GC invocations=34 (full 0):
 garbage-first heap   total 280576K, used 254542K [0x0000000780000000, 0x0000000800000000)
  region size 1024K, 104 young (106496K), 9 survivors (9216K)
 Metaspace       used 121914K, committed 124032K, reserved 1179648K
  class space    used 16622K, committed 17664K, reserved 1048576K
}
Event: 12.027 GC heap after
{Heap after GC invocations=35 (full 0):
 garbage-first heap   total 280576K, used 160727K [0x0000000780000000, 0x0000000800000000)
  region size 1024K, 6 young (6144K), 6 survivors (6144K)
 Metaspace       used 121914K, committed 124032K, reserved 1179648K
  class space    used 16622K, committed 17664K, reserved 1048576K
}
Event: 12.793 GC heap before
{Heap before GC invocations=35 (full 0):
 garbage-first heap   total 280576K, used 258007K [0x0000000780000000, 0x0000000800000000)
  region size 1024K, 102 young (104448K), 6 survivors (6144K)
 Metaspace       used 126165K, committed 128320K, reserved 1179648K
  class space    used 17136K, committed 18176K, reserved 1048576K
}
Event: 12.800 GC heap after
{Heap after GC invocations=36 (full 0):
 garbage-first heap   total 280576K, used 167595K [0x0000000780000000, 0x0000000800000000)
  region size 1024K, 13 young (13312K), 13 survivors (13312K)
 Metaspace       used 126165K, committed 128320K, reserved 1179648K
  class space    used 17136K, committed 18176K, reserved 1048576K
}
Event: 200.691 GC heap before
{Heap before GC invocations=37 (full 0):
 garbage-first heap   total 290816K, used 250539K [0x0000000780000000, 0x0000000800000000)
  region size 1024K, 95 young (97280K), 13 survivors (13312K)
 Metaspace       used 132016K, committed 134272K, reserved 1179648K
  class space    used 17939K, committed 19072K, reserved 1048576K
}
Event: 200.700 GC heap after
{Heap after GC invocations=38 (full 0):
 garbage-first heap   total 290816K, used 174013K [0x0000000780000000, 0x0000000800000000)
  region size 1024K, 8 young (8192K), 8 survivors (8192K)
 Metaspace       used 132016K, committed 134272K, reserved 1179648K
  class space    used 17939K, committed 19072K, reserved 1048576K
}
Event: 201.248 GC heap before
{Heap before GC invocations=38 (full 0):
 garbage-first heap   total 290816K, used 265149K [0x0000000780000000, 0x0000000800000000)
  region size 1024K, 98 young (100352K), 8 survivors (8192K)
 Metaspace       used 135436K, committed 137728K, reserved 1179648K
  class space    used 18454K, committed 19584K, reserved 1048576K
}
Event: 201.259 GC heap after
{Heap after GC invocations=39 (full 0):
 garbage-first heap   total 290816K, used 184491K [0x0000000780000000, 0x0000000800000000)
  region size 1024K, 12 young (12288K), 12 survivors (12288K)
 Metaspace       used 135436K, committed 137728K, reserved 1179648K
  class space    used 18454K, committed 19584K, reserved 1048576K
}
Event: 201.410 GC heap before
{Heap before GC invocations=39 (full 0):
 garbage-first heap   total 290816K, used 261291K [0x0000000780000000, 0x0000000800000000)
  region size 1024K, 88 young (90112K), 12 survivors (12288K)
 Metaspace       used 135503K, committed 137792K, reserved 1179648K
  class space    used 18454K, committed 19584K, reserved 1048576K
}
Event: 201.417 GC heap after
{Heap after GC invocations=40 (full 0):
 garbage-first heap   total 290816K, used 186304K [0x0000000780000000, 0x0000000800000000)
  region size 1024K, 4 young (4096K), 4 survivors (4096K)
 Metaspace       used 135503K, committed 137792K, reserved 1179648K
  class space    used 18454K, committed 19584K, reserved 1048576K
}

